<?xml version="1.0" encoding="UTF-8"?>
<testsuite xmlns:xsi="http://www.w3.org/2001/XMLSchema-instance" xsi:noNamespaceSchemaLocation="https://maven.apache.org/surefire/maven-surefire-plugin/xsd/surefire-test-report.xsd" name="TestSuite" time="13.55" tests="6" errors="0" skipped="0" failures="1">
  <properties>
[...]
</properties>
  <testcase name="userDetails" classname="RealtedTest.PojoTest" time="0.001"/>
  <testcase name="createUser" classname="CT_APITesting.UsersTest" time="4.258"/>
  <testcase name="createRoles" classname="CT_APITesting.RolesTest" time="1.429"/>
  <testcase name="createApiKey" classname="CT_APITesting.BasicTest" time="1.397"/>
  <testcase name="createAuthToken" classname="CT_APITesting.AuthTokenTest" time="2.997"/>
  <testcase name="userDetails1" classname="RealtedTest.PojoTest" time="1.863">
    <failure message="Unrecognized field &quot;error&quot; (class CT_APITesting.CriticalJsonTest), not marked as ignorable (6 known properties: &quot;per_page&quot;, &quot;ad&quot;, &quot;total&quot;, &quot;total_pages&quot;, &quot;data&quot;, &quot;page&quot;])&#10; at [Source: (String)&quot;{&quot;error&quot;:{&quot;message&quot;:&quot;The API endpoint is invalid. Please verify the API call.&quot;,&quot;devMessage&quot;:&quot;The endpoint of the API is invalid. Please have the API call checked.&quot;,&quot;source&quot;:&quot;chat-api&quot;,&quot;code&quot;:&quot;ERR_API_NOT_FOUND&quot;}}&quot;; line: 1, column: 11] (through reference chain: CT_APITesting.CriticalJsonTest[&quot;error&quot;])" type="com.fasterxml.jackson.databind.exc.UnrecognizedPropertyException">com.fasterxml.jackson.databind.exc.UnrecognizedPropertyException: 
Unrecognized field "error" (class CT_APITesting.CriticalJsonTest), not marked as ignorable (6 known properties: "per_page", "ad", "total", "total_pages", "data", "page"])
 at [Source: (String)"{"error":{"message":"The API endpoint is invalid. Please verify the API call.","devMessage":"The endpoint of the API is invalid. Please have the API call checked.","source":"chat-api","code":"ERR_API_NOT_FOUND"}}"; line: 1, column: 11] (through reference chain: CT_APITesting.CriticalJsonTest["error"])
	at RealtedTest.PojoTest.userDetails1(PojoTest.java:30)
</failure>
    <system-out><![CDATA[we are in userDetails1
Request method:	GET
Request URI:	https://206826f2ed89f480.api-us.cometchat.io/v3/api/users?page=2
Proxy:			<none>
Request params:	<none>
Query params:	page=2
Form params:	<none>
Path params:	<none>
Headers:		Accept=*/*
				Content-Type=application/json; charset=UTF-8
Cookies:		<none>
Multiparts:		<none>
Body:			<none>
]]></system-out>
  </testcase>
</testsuite>