<?xml version="1.0" encoding="UTF-8"?>
<testng-results skipped="0" failed="0" ignored="0" total="27" passed="27">
  <reporter-output>
  </reporter-output>
  <suite name="Regression_Test" duration-ms="37641" started-at="2022-07-21T11:07:33Z" finished-at="2022-07-21T11:08:10Z">
    <groups>
    </groups>
    <test name="BasicTest" duration-ms="10727" started-at="2022-07-21T11:07:33Z" finished-at="2022-07-21T11:07:44Z">
      <class name="CT_APITesting.BasicTest">
        <test-method status="PASS" signature="beforeTestFunction(java.lang.String, java.lang.String, java.lang.String, java.lang.String, org.testng.ITestContext)[pri:0, instance:CT_APITesting.BasicTest@3ee0fea4]" name="beforeTestFunction" is-config="true" duration-ms="89" started-at="2022-07-21T11:07:33Z" finished-at="2022-07-21T11:07:33Z">
          <params>
            <param index="0">
              <value>
                <![CDATA[]]>
              </value>
            </param>
            <param index="1">
              <value is-null="true"/>
            </param>
            <param index="2">
              <value is-null="true"/>
            </param>
            <param index="3">
              <value is-null="true"/>
            </param>
            <param index="4">
              <value>
                <![CDATA[org.testng.TestRunner@326e0b8e]]>
              </value>
            </param>
          </params>
          <reporter-output>
          </reporter-output>
        </test-method> <!-- beforeTestFunction -->
        <test-method status="PASS" signature="StartApiTest()[pri:0, instance:CT_APITesting.BasicTest@3ee0fea4]" name="StartApiTest" is-config="true" duration-ms="544" started-at="2022-07-21T11:07:33Z" finished-at="2022-07-21T11:07:33Z">
          <reporter-output>
          </reporter-output>
        </test-method> <!-- StartApiTest -->
        <test-method status="PASS" signature="beforeMethodFunction(org.testng.ITestContext, java.lang.reflect.Method)[pri:0, instance:CT_APITesting.BasicTest@3ee0fea4]" name="beforeMethodFunction" is-config="true" duration-ms="9" started-at="2022-07-21T11:07:33Z" finished-at="2022-07-21T11:07:33Z">
          <params>
            <param index="0">
              <value>
                <![CDATA[org.testng.TestRunner@326e0b8e]]>
              </value>
            </param>
            <param index="1">
              <value>
                <![CDATA[public void CT_APITesting.BasicTest.createApiKey()]]>
              </value>
            </param>
          </params>
          <reporter-output>
          </reporter-output>
        </test-method> <!-- beforeMethodFunction -->
        <test-method status="PASS" signature="createApiKey()[pri:0, instance:CT_APITesting.BasicTest@3ee0fea4]" name="createApiKey" duration-ms="3474" started-at="2022-07-21T11:07:33Z" description="Verify if user can create an API key" finished-at="2022-07-21T11:07:37Z">
          <reporter-output>
          </reporter-output>
        </test-method> <!-- createApiKey -->
        <test-method status="PASS" signature="afterMethodFunction(java.lang.reflect.Method, org.testng.ITestResult)[pri:0, instance:CT_APITesting.BasicTest@3ee0fea4]" name="afterMethodFunction" is-config="true" duration-ms="216" started-at="2022-07-21T11:07:37Z" finished-at="2022-07-21T11:07:37Z">
          <params>
            <param index="0">
              <value>
                <![CDATA[public void CT_APITesting.BasicTest.createApiKey()]]>
              </value>
            </param>
            <param index="1">
              <value>
                <![CDATA[[TestResult name=createApiKey status=SUCCESS method=BasicTest.createApiKey()[pri:0, instance:CT_APITesting.BasicTest@3ee0fea4] output={null}]]]>
              </value>
            </param>
          </params>
          <reporter-output>
          </reporter-output>
        </test-method> <!-- afterMethodFunction -->
        <test-method status="PASS" signature="beforeMethodFunction(org.testng.ITestContext, java.lang.reflect.Method)[pri:0, instance:CT_APITesting.BasicTest@3ee0fea4]" name="beforeMethodFunction" is-config="true" duration-ms="6" started-at="2022-07-21T11:07:37Z" finished-at="2022-07-21T11:07:37Z">
          <params>
            <param index="0">
              <value>
                <![CDATA[org.testng.TestRunner@326e0b8e]]>
              </value>
            </param>
            <param index="1">
              <value>
                <![CDATA[public void CT_APITesting.BasicTest.listApiKeys()]]>
              </value>
            </param>
          </params>
          <reporter-output>
          </reporter-output>
        </test-method> <!-- beforeMethodFunction -->
        <test-method status="PASS" signature="listApiKeys()[pri:1, instance:CT_APITesting.BasicTest@3ee0fea4]" name="listApiKeys" duration-ms="1698" started-at="2022-07-21T11:07:37Z" description="verify if user is able to list all the API keys associated with the app" finished-at="2022-07-21T11:07:39Z">
          <reporter-output>
          </reporter-output>
        </test-method> <!-- listApiKeys -->
        <test-method status="PASS" signature="afterMethodFunction(java.lang.reflect.Method, org.testng.ITestResult)[pri:0, instance:CT_APITesting.BasicTest@3ee0fea4]" name="afterMethodFunction" is-config="true" duration-ms="68" started-at="2022-07-21T11:07:39Z" finished-at="2022-07-21T11:07:39Z">
          <params>
            <param index="0">
              <value>
                <![CDATA[public void CT_APITesting.BasicTest.listApiKeys()]]>
              </value>
            </param>
            <param index="1">
              <value>
                <![CDATA[[TestResult name=listApiKeys status=SUCCESS method=BasicTest.listApiKeys()[pri:1, instance:CT_APITesting.BasicTest@3ee0fea4] output={null}]]]>
              </value>
            </param>
          </params>
          <reporter-output>
          </reporter-output>
        </test-method> <!-- afterMethodFunction -->
        <test-method status="PASS" signature="beforeMethodFunction(org.testng.ITestContext, java.lang.reflect.Method)[pri:0, instance:CT_APITesting.BasicTest@3ee0fea4]" name="beforeMethodFunction" is-config="true" duration-ms="1" started-at="2022-07-21T11:07:39Z" finished-at="2022-07-21T11:07:39Z">
          <params>
            <param index="0">
              <value>
                <![CDATA[org.testng.TestRunner@326e0b8e]]>
              </value>
            </param>
            <param index="1">
              <value>
                <![CDATA[public void CT_APITesting.BasicTest.getAPI()]]>
              </value>
            </param>
          </params>
          <reporter-output>
          </reporter-output>
        </test-method> <!-- beforeMethodFunction -->
        <test-method status="PASS" signature="getAPI()[pri:2, instance:CT_APITesting.BasicTest@3ee0fea4]" name="getAPI" duration-ms="1481" started-at="2022-07-21T11:07:39Z" description="verify if user can retrieve an API key" finished-at="2022-07-21T11:07:40Z">
          <reporter-output>
          </reporter-output>
        </test-method> <!-- getAPI -->
        <test-method status="PASS" signature="afterMethodFunction(java.lang.reflect.Method, org.testng.ITestResult)[pri:0, instance:CT_APITesting.BasicTest@3ee0fea4]" name="afterMethodFunction" is-config="true" duration-ms="51" started-at="2022-07-21T11:07:40Z" finished-at="2022-07-21T11:07:40Z">
          <params>
            <param index="0">
              <value>
                <![CDATA[public void CT_APITesting.BasicTest.getAPI()]]>
              </value>
            </param>
            <param index="1">
              <value>
                <![CDATA[[TestResult name=getAPI status=SUCCESS method=BasicTest.getAPI()[pri:2, instance:CT_APITesting.BasicTest@3ee0fea4] output={null}]]]>
              </value>
            </param>
          </params>
          <reporter-output>
          </reporter-output>
        </test-method> <!-- afterMethodFunction -->
        <test-method status="PASS" signature="beforeMethodFunction(org.testng.ITestContext, java.lang.reflect.Method)[pri:0, instance:CT_APITesting.BasicTest@3ee0fea4]" name="beforeMethodFunction" is-config="true" duration-ms="5" started-at="2022-07-21T11:07:40Z" finished-at="2022-07-21T11:07:40Z">
          <params>
            <param index="0">
              <value>
                <![CDATA[org.testng.TestRunner@326e0b8e]]>
              </value>
            </param>
            <param index="1">
              <value>
                <![CDATA[public void CT_APITesting.BasicTest.updateApi()]]>
              </value>
            </param>
          </params>
          <reporter-output>
          </reporter-output>
        </test-method> <!-- beforeMethodFunction -->
        <test-method status="PASS" signature="updateApi()[pri:3, instance:CT_APITesting.BasicTest@3ee0fea4]" name="updateApi" duration-ms="1540" started-at="2022-07-21T11:07:40Z" description="verify if user can update an API key" finished-at="2022-07-21T11:07:42Z">
          <reporter-output>
          </reporter-output>
        </test-method> <!-- updateApi -->
        <test-method status="PASS" signature="afterMethodFunction(java.lang.reflect.Method, org.testng.ITestResult)[pri:0, instance:CT_APITesting.BasicTest@3ee0fea4]" name="afterMethodFunction" is-config="true" duration-ms="62" started-at="2022-07-21T11:07:42Z" finished-at="2022-07-21T11:07:42Z">
          <params>
            <param index="0">
              <value>
                <![CDATA[public void CT_APITesting.BasicTest.updateApi()]]>
              </value>
            </param>
            <param index="1">
              <value>
                <![CDATA[[TestResult name=updateApi status=SUCCESS method=BasicTest.updateApi()[pri:3, instance:CT_APITesting.BasicTest@3ee0fea4] output={null}]]]>
              </value>
            </param>
          </params>
          <reporter-output>
          </reporter-output>
        </test-method> <!-- afterMethodFunction -->
        <test-method status="PASS" signature="beforeMethodFunction(org.testng.ITestContext, java.lang.reflect.Method)[pri:0, instance:CT_APITesting.BasicTest@3ee0fea4]" name="beforeMethodFunction" is-config="true" duration-ms="3" started-at="2022-07-21T11:07:42Z" finished-at="2022-07-21T11:07:42Z">
          <params>
            <param index="0">
              <value>
                <![CDATA[org.testng.TestRunner@326e0b8e]]>
              </value>
            </param>
            <param index="1">
              <value>
                <![CDATA[public void CT_APITesting.BasicTest.deleteApiKey()]]>
              </value>
            </param>
          </params>
          <reporter-output>
          </reporter-output>
        </test-method> <!-- beforeMethodFunction -->
        <test-method status="PASS" signature="deleteApiKey()[pri:4, instance:CT_APITesting.BasicTest@3ee0fea4]" name="deleteApiKey" duration-ms="1392" started-at="2022-07-21T11:07:42Z" description="verify if user can delete an API key" finished-at="2022-07-21T11:07:43Z">
          <reporter-output>
          </reporter-output>
        </test-method> <!-- deleteApiKey -->
        <test-method status="PASS" signature="afterMethodFunction(java.lang.reflect.Method, org.testng.ITestResult)[pri:0, instance:CT_APITesting.BasicTest@3ee0fea4]" name="afterMethodFunction" is-config="true" duration-ms="57" started-at="2022-07-21T11:07:43Z" finished-at="2022-07-21T11:07:44Z">
          <params>
            <param index="0">
              <value>
                <![CDATA[public void CT_APITesting.BasicTest.deleteApiKey()]]>
              </value>
            </param>
            <param index="1">
              <value>
                <![CDATA[[TestResult name=deleteApiKey status=SUCCESS method=BasicTest.deleteApiKey()[pri:4, instance:CT_APITesting.BasicTest@3ee0fea4] output={null}]]]>
              </value>
            </param>
          </params>
          <reporter-output>
          </reporter-output>
        </test-method> <!-- afterMethodFunction -->
        <test-method status="PASS" signature="EndAPITest()[pri:0, instance:CT_APITesting.BasicTest@3ee0fea4]" name="EndAPITest" is-config="true" duration-ms="0" started-at="2022-07-21T11:07:44Z" finished-at="2022-07-21T11:07:44Z">
          <reporter-output>
          </reporter-output>
        </test-method> <!-- EndAPITest -->
      </class> <!-- CT_APITesting.BasicTest -->
    </test> <!-- BasicTest -->
    <test name="RolesTest" duration-ms="7200" started-at="2022-07-21T11:07:44Z" finished-at="2022-07-21T11:07:51Z">
      <class name="CT_APITesting.RolesTest">
        <test-method status="PASS" signature="beforeTestFunction(java.lang.String, java.lang.String, java.lang.String, java.lang.String, org.testng.ITestContext)[pri:0, instance:CT_APITesting.RolesTest@6ab7a896]" name="beforeTestFunction" is-config="true" duration-ms="24" started-at="2022-07-21T11:07:44Z" finished-at="2022-07-21T11:07:44Z">
          <params>
            <param index="0">
              <value>
                <![CDATA[]]>
              </value>
            </param>
            <param index="1">
              <value is-null="true"/>
            </param>
            <param index="2">
              <value is-null="true"/>
            </param>
            <param index="3">
              <value is-null="true"/>
            </param>
            <param index="4">
              <value>
                <![CDATA[org.testng.TestRunner@36baa049]]>
              </value>
            </param>
          </params>
          <reporter-output>
          </reporter-output>
        </test-method> <!-- beforeTestFunction -->
        <test-method status="PASS" signature="StartApiTest()[pri:0, instance:CT_APITesting.RolesTest@6ab7a896]" name="StartApiTest" is-config="true" duration-ms="3" started-at="2022-07-21T11:07:44Z" finished-at="2022-07-21T11:07:44Z">
          <reporter-output>
          </reporter-output>
        </test-method> <!-- StartApiTest -->
        <test-method status="PASS" signature="beforeMethodFunction(org.testng.ITestContext, java.lang.reflect.Method)[pri:0, instance:CT_APITesting.RolesTest@6ab7a896]" name="beforeMethodFunction" is-config="true" duration-ms="4" started-at="2022-07-21T11:07:44Z" finished-at="2022-07-21T11:07:44Z">
          <params>
            <param index="0">
              <value>
                <![CDATA[org.testng.TestRunner@36baa049]]>
              </value>
            </param>
            <param index="1">
              <value>
                <![CDATA[public void CT_APITesting.RolesTest.createRoles()]]>
              </value>
            </param>
          </params>
          <reporter-output>
          </reporter-output>
        </test-method> <!-- beforeMethodFunction -->
        <test-method status="PASS" signature="createRoles()[pri:0, instance:CT_APITesting.RolesTest@6ab7a896]" name="createRoles" duration-ms="1558" started-at="2022-07-21T11:07:44Z" description="Verify create roles functionality" finished-at="2022-07-21T11:07:45Z">
          <reporter-output>
          </reporter-output>
        </test-method> <!-- createRoles -->
        <test-method status="PASS" signature="afterMethodFunction(java.lang.reflect.Method, org.testng.ITestResult)[pri:0, instance:CT_APITesting.RolesTest@6ab7a896]" name="afterMethodFunction" is-config="true" duration-ms="57" started-at="2022-07-21T11:07:45Z" finished-at="2022-07-21T11:07:45Z">
          <params>
            <param index="0">
              <value>
                <![CDATA[public void CT_APITesting.RolesTest.createRoles()]]>
              </value>
            </param>
            <param index="1">
              <value>
                <![CDATA[[TestResult name=createRoles status=SUCCESS method=RolesTest.createRoles()[pri:0, instance:CT_APITesting.RolesTest@6ab7a896] output={null}]]]>
              </value>
            </param>
          </params>
          <reporter-output>
          </reporter-output>
        </test-method> <!-- afterMethodFunction -->
        <test-method status="PASS" signature="beforeMethodFunction(org.testng.ITestContext, java.lang.reflect.Method)[pri:0, instance:CT_APITesting.RolesTest@6ab7a896]" name="beforeMethodFunction" is-config="true" duration-ms="3" started-at="2022-07-21T11:07:45Z" finished-at="2022-07-21T11:07:45Z">
          <params>
            <param index="0">
              <value>
                <![CDATA[org.testng.TestRunner@36baa049]]>
              </value>
            </param>
            <param index="1">
              <value>
                <![CDATA[public void CT_APITesting.RolesTest.listRoles()]]>
              </value>
            </param>
          </params>
          <reporter-output>
          </reporter-output>
        </test-method> <!-- beforeMethodFunction -->
        <test-method status="PASS" signature="listRoles()[pri:1, instance:CT_APITesting.RolesTest@6ab7a896]" name="listRoles" duration-ms="1321" started-at="2022-07-21T11:07:45Z" description="Verify list roles functionality" finished-at="2022-07-21T11:07:47Z">
          <reporter-output>
          </reporter-output>
        </test-method> <!-- listRoles -->
        <test-method status="PASS" signature="afterMethodFunction(java.lang.reflect.Method, org.testng.ITestResult)[pri:0, instance:CT_APITesting.RolesTest@6ab7a896]" name="afterMethodFunction" is-config="true" duration-ms="39" started-at="2022-07-21T11:07:47Z" finished-at="2022-07-21T11:07:47Z">
          <params>
            <param index="0">
              <value>
                <![CDATA[public void CT_APITesting.RolesTest.listRoles()]]>
              </value>
            </param>
            <param index="1">
              <value>
                <![CDATA[[TestResult name=listRoles status=SUCCESS method=RolesTest.listRoles()[pri:1, instance:CT_APITesting.RolesTest@6ab7a896] output={null}]]]>
              </value>
            </param>
          </params>
          <reporter-output>
          </reporter-output>
        </test-method> <!-- afterMethodFunction -->
        <test-method status="PASS" signature="beforeMethodFunction(org.testng.ITestContext, java.lang.reflect.Method)[pri:0, instance:CT_APITesting.RolesTest@6ab7a896]" name="beforeMethodFunction" is-config="true" duration-ms="8" started-at="2022-07-21T11:07:47Z" finished-at="2022-07-21T11:07:47Z">
          <params>
            <param index="0">
              <value>
                <![CDATA[org.testng.TestRunner@36baa049]]>
              </value>
            </param>
            <param index="1">
              <value>
                <![CDATA[public void CT_APITesting.RolesTest.getRoles()]]>
              </value>
            </param>
          </params>
          <reporter-output>
          </reporter-output>
        </test-method> <!-- beforeMethodFunction -->
        <test-method status="PASS" signature="getRoles()[pri:2, instance:CT_APITesting.RolesTest@6ab7a896]" name="getRoles" duration-ms="1404" started-at="2022-07-21T11:07:47Z" description="verify get roles functionality" finished-at="2022-07-21T11:07:48Z">
          <reporter-output>
          </reporter-output>
        </test-method> <!-- getRoles -->
        <test-method status="PASS" signature="afterMethodFunction(java.lang.reflect.Method, org.testng.ITestResult)[pri:0, instance:CT_APITesting.RolesTest@6ab7a896]" name="afterMethodFunction" is-config="true" duration-ms="41" started-at="2022-07-21T11:07:48Z" finished-at="2022-07-21T11:07:48Z">
          <params>
            <param index="0">
              <value>
                <![CDATA[public void CT_APITesting.RolesTest.getRoles()]]>
              </value>
            </param>
            <param index="1">
              <value>
                <![CDATA[[TestResult name=getRoles status=SUCCESS method=RolesTest.getRoles()[pri:2, instance:CT_APITesting.RolesTest@6ab7a896] output={null}]]]>
              </value>
            </param>
          </params>
          <reporter-output>
          </reporter-output>
        </test-method> <!-- afterMethodFunction -->
        <test-method status="PASS" signature="beforeMethodFunction(org.testng.ITestContext, java.lang.reflect.Method)[pri:0, instance:CT_APITesting.RolesTest@6ab7a896]" name="beforeMethodFunction" is-config="true" duration-ms="4" started-at="2022-07-21T11:07:48Z" finished-at="2022-07-21T11:07:48Z">
          <params>
            <param index="0">
              <value>
                <![CDATA[org.testng.TestRunner@36baa049]]>
              </value>
            </param>
            <param index="1">
              <value>
                <![CDATA[public void CT_APITesting.RolesTest.updateRoles()]]>
              </value>
            </param>
          </params>
          <reporter-output>
          </reporter-output>
        </test-method> <!-- beforeMethodFunction -->
        <test-method status="PASS" signature="updateRoles()[pri:3, instance:CT_APITesting.RolesTest@6ab7a896]" name="updateRoles" duration-ms="1270" started-at="2022-07-21T11:07:48Z" description="Verify update roles functionality" finished-at="2022-07-21T11:07:49Z">
          <reporter-output>
          </reporter-output>
        </test-method> <!-- updateRoles -->
        <test-method status="PASS" signature="afterMethodFunction(java.lang.reflect.Method, org.testng.ITestResult)[pri:0, instance:CT_APITesting.RolesTest@6ab7a896]" name="afterMethodFunction" is-config="true" duration-ms="27" started-at="2022-07-21T11:07:49Z" finished-at="2022-07-21T11:07:49Z">
          <params>
            <param index="0">
              <value>
                <![CDATA[public void CT_APITesting.RolesTest.updateRoles()]]>
              </value>
            </param>
            <param index="1">
              <value>
                <![CDATA[[TestResult name=updateRoles status=SUCCESS method=RolesTest.updateRoles()[pri:3, instance:CT_APITesting.RolesTest@6ab7a896] output={null}]]]>
              </value>
            </param>
          </params>
          <reporter-output>
          </reporter-output>
        </test-method> <!-- afterMethodFunction -->
        <test-method status="PASS" signature="beforeMethodFunction(org.testng.ITestContext, java.lang.reflect.Method)[pri:0, instance:CT_APITesting.RolesTest@6ab7a896]" name="beforeMethodFunction" is-config="true" duration-ms="3" started-at="2022-07-21T11:07:49Z" finished-at="2022-07-21T11:07:49Z">
          <params>
            <param index="0">
              <value>
                <![CDATA[org.testng.TestRunner@36baa049]]>
              </value>
            </param>
            <param index="1">
              <value>
                <![CDATA[public void CT_APITesting.RolesTest.deleteRoles()]]>
              </value>
            </param>
          </params>
          <reporter-output>
          </reporter-output>
        </test-method> <!-- beforeMethodFunction -->
        <test-method status="PASS" signature="deleteRoles()[pri:4, instance:CT_APITesting.RolesTest@6ab7a896]" name="deleteRoles" duration-ms="1355" started-at="2022-07-21T11:07:49Z" description="Verify delete roles functionality" finished-at="2022-07-21T11:07:51Z">
          <reporter-output>
          </reporter-output>
        </test-method> <!-- deleteRoles -->
        <test-method status="PASS" signature="afterMethodFunction(java.lang.reflect.Method, org.testng.ITestResult)[pri:0, instance:CT_APITesting.RolesTest@6ab7a896]" name="afterMethodFunction" is-config="true" duration-ms="55" started-at="2022-07-21T11:07:51Z" finished-at="2022-07-21T11:07:51Z">
          <params>
            <param index="0">
              <value>
                <![CDATA[public void CT_APITesting.RolesTest.deleteRoles()]]>
              </value>
            </param>
            <param index="1">
              <value>
                <![CDATA[[TestResult name=deleteRoles status=SUCCESS method=RolesTest.deleteRoles()[pri:4, instance:CT_APITesting.RolesTest@6ab7a896] output={null}]]]>
              </value>
            </param>
          </params>
          <reporter-output>
          </reporter-output>
        </test-method> <!-- afterMethodFunction -->
        <test-method status="PASS" signature="EndAPITest()[pri:0, instance:CT_APITesting.RolesTest@6ab7a896]" name="EndAPITest" is-config="true" duration-ms="1" started-at="2022-07-21T11:07:51Z" finished-at="2022-07-21T11:07:51Z">
          <reporter-output>
          </reporter-output>
        </test-method> <!-- EndAPITest -->
      </class> <!-- CT_APITesting.RolesTest -->
    </test> <!-- RolesTest -->
    <test name="UsersTest" duration-ms="12605" started-at="2022-07-21T11:07:51Z" finished-at="2022-07-21T11:08:03Z">
      <class name="CT_APITesting.UsersTest">
        <test-method status="PASS" signature="beforeTestFunction(java.lang.String, java.lang.String, java.lang.String, java.lang.String, org.testng.ITestContext)[pri:0, instance:CT_APITesting.UsersTest@19d37183]" name="beforeTestFunction" is-config="true" duration-ms="11" started-at="2022-07-21T11:07:51Z" finished-at="2022-07-21T11:07:51Z">
          <params>
            <param index="0">
              <value>
                <![CDATA[]]>
              </value>
            </param>
            <param index="1">
              <value is-null="true"/>
            </param>
            <param index="2">
              <value is-null="true"/>
            </param>
            <param index="3">
              <value is-null="true"/>
            </param>
            <param index="4">
              <value>
                <![CDATA[org.testng.TestRunner@41184371]]>
              </value>
            </param>
          </params>
          <reporter-output>
          </reporter-output>
        </test-method> <!-- beforeTestFunction -->
        <test-method status="PASS" signature="StartApiTest()[pri:0, instance:CT_APITesting.UsersTest@19d37183]" name="StartApiTest" is-config="true" duration-ms="0" started-at="2022-07-21T11:07:51Z" finished-at="2022-07-21T11:07:51Z">
          <reporter-output>
          </reporter-output>
        </test-method> <!-- StartApiTest -->
        <test-method status="PASS" signature="beforeMethodFunction(org.testng.ITestContext, java.lang.reflect.Method)[pri:0, instance:CT_APITesting.UsersTest@19d37183]" name="beforeMethodFunction" is-config="true" duration-ms="3" started-at="2022-07-21T11:07:51Z" finished-at="2022-07-21T11:07:51Z">
          <params>
            <param index="0">
              <value>
                <![CDATA[org.testng.TestRunner@41184371]]>
              </value>
            </param>
            <param index="1">
              <value>
                <![CDATA[public void CT_APITesting.UsersTest.createUser()]]>
              </value>
            </param>
          </params>
          <reporter-output>
          </reporter-output>
        </test-method> <!-- beforeMethodFunction -->
        <test-method status="PASS" signature="createUser()[pri:0, instance:CT_APITesting.UsersTest@19d37183]" name="createUser" duration-ms="1480" started-at="2022-07-21T11:07:51Z" description="Verity create users functionality" finished-at="2022-07-21T11:07:52Z">
          <reporter-output>
          </reporter-output>
        </test-method> <!-- createUser -->
        <test-method status="PASS" signature="afterMethodFunction(java.lang.reflect.Method, org.testng.ITestResult)[pri:0, instance:CT_APITesting.UsersTest@19d37183]" name="afterMethodFunction" is-config="true" duration-ms="29" started-at="2022-07-21T11:07:52Z" finished-at="2022-07-21T11:07:52Z">
          <params>
            <param index="0">
              <value>
                <![CDATA[public void CT_APITesting.UsersTest.createUser()]]>
              </value>
            </param>
            <param index="1">
              <value>
                <![CDATA[[TestResult name=createUser status=SUCCESS method=UsersTest.createUser()[pri:0, instance:CT_APITesting.UsersTest@19d37183] output={null}]]]>
              </value>
            </param>
          </params>
          <reporter-output>
          </reporter-output>
        </test-method> <!-- afterMethodFunction -->
        <test-method status="PASS" signature="beforeMethodFunction(org.testng.ITestContext, java.lang.reflect.Method)[pri:0, instance:CT_APITesting.UsersTest@19d37183]" name="beforeMethodFunction" is-config="true" duration-ms="9" started-at="2022-07-21T11:07:52Z" finished-at="2022-07-21T11:07:52Z">
          <params>
            <param index="0">
              <value>
                <![CDATA[org.testng.TestRunner@41184371]]>
              </value>
            </param>
            <param index="1">
              <value>
                <![CDATA[public void CT_APITesting.UsersTest.listUsers()]]>
              </value>
            </param>
          </params>
          <reporter-output>
          </reporter-output>
        </test-method> <!-- beforeMethodFunction -->
        <test-method status="PASS" signature="listUsers()[pri:1, instance:CT_APITesting.UsersTest@19d37183]" name="listUsers" duration-ms="1243" started-at="2022-07-21T11:07:52Z" description="Verify List users functionality" finished-at="2022-07-21T11:07:54Z">
          <reporter-output>
          </reporter-output>
        </test-method> <!-- listUsers -->
        <test-method status="PASS" signature="afterMethodFunction(java.lang.reflect.Method, org.testng.ITestResult)[pri:0, instance:CT_APITesting.UsersTest@19d37183]" name="afterMethodFunction" is-config="true" duration-ms="18" started-at="2022-07-21T11:07:54Z" finished-at="2022-07-21T11:07:54Z">
          <params>
            <param index="0">
              <value>
                <![CDATA[public void CT_APITesting.UsersTest.listUsers()]]>
              </value>
            </param>
            <param index="1">
              <value>
                <![CDATA[[TestResult name=listUsers status=SUCCESS method=UsersTest.listUsers()[pri:1, instance:CT_APITesting.UsersTest@19d37183] output={null}]]]>
              </value>
            </param>
          </params>
          <reporter-output>
          </reporter-output>
        </test-method> <!-- afterMethodFunction -->
        <test-method status="PASS" signature="beforeMethodFunction(org.testng.ITestContext, java.lang.reflect.Method)[pri:0, instance:CT_APITesting.UsersTest@19d37183]" name="beforeMethodFunction" is-config="true" duration-ms="4" started-at="2022-07-21T11:07:54Z" finished-at="2022-07-21T11:07:54Z">
          <params>
            <param index="0">
              <value>
                <![CDATA[org.testng.TestRunner@41184371]]>
              </value>
            </param>
            <param index="1">
              <value>
                <![CDATA[public void CT_APITesting.UsersTest.deactivateUsers()]]>
              </value>
            </param>
          </params>
          <reporter-output>
          </reporter-output>
        </test-method> <!-- beforeMethodFunction -->
        <test-method status="PASS" signature="deactivateUsers()[pri:2, instance:CT_APITesting.UsersTest@19d37183]" name="deactivateUsers" duration-ms="1231" started-at="2022-07-21T11:07:54Z" description="Verify deactivate users functionality" finished-at="2022-07-21T11:07:55Z">
          <reporter-output>
          </reporter-output>
        </test-method> <!-- deactivateUsers -->
        <test-method status="PASS" signature="afterMethodFunction(java.lang.reflect.Method, org.testng.ITestResult)[pri:0, instance:CT_APITesting.UsersTest@19d37183]" name="afterMethodFunction" is-config="true" duration-ms="32" started-at="2022-07-21T11:07:55Z" finished-at="2022-07-21T11:07:55Z">
          <params>
            <param index="0">
              <value>
                <![CDATA[public void CT_APITesting.UsersTest.deactivateUsers()]]>
              </value>
            </param>
            <param index="1">
              <value>
                <![CDATA[[TestResult name=deactivateUsers status=SUCCESS method=UsersTest.deactivateUsers()[pri:2, instance:CT_APITesting.UsersTest@19d37183] output={null}]]]>
              </value>
            </param>
          </params>
          <reporter-output>
          </reporter-output>
        </test-method> <!-- afterMethodFunction -->
        <test-method status="PASS" signature="beforeMethodFunction(org.testng.ITestContext, java.lang.reflect.Method)[pri:0, instance:CT_APITesting.UsersTest@19d37183]" name="beforeMethodFunction" is-config="true" duration-ms="1" started-at="2022-07-21T11:07:55Z" finished-at="2022-07-21T11:07:55Z">
          <params>
            <param index="0">
              <value>
                <![CDATA[org.testng.TestRunner@41184371]]>
              </value>
            </param>
            <param index="1">
              <value>
                <![CDATA[public void CT_APITesting.UsersTest.reactivateUsers()]]>
              </value>
            </param>
          </params>
          <reporter-output>
          </reporter-output>
        </test-method> <!-- beforeMethodFunction -->
        <test-method status="PASS" signature="reactivateUsers()[pri:3, instance:CT_APITesting.UsersTest@19d37183]" name="reactivateUsers" duration-ms="1526" started-at="2022-07-21T11:07:55Z" description="Verify reactivate users functionality" finished-at="2022-07-21T11:07:56Z">
          <reporter-output>
          </reporter-output>
        </test-method> <!-- reactivateUsers -->
        <test-method status="PASS" signature="afterMethodFunction(java.lang.reflect.Method, org.testng.ITestResult)[pri:0, instance:CT_APITesting.UsersTest@19d37183]" name="afterMethodFunction" is-config="true" duration-ms="34" started-at="2022-07-21T11:07:56Z" finished-at="2022-07-21T11:07:56Z">
          <params>
            <param index="0">
              <value>
                <![CDATA[public void CT_APITesting.UsersTest.reactivateUsers()]]>
              </value>
            </param>
            <param index="1">
              <value>
                <![CDATA[[TestResult name=reactivateUsers status=SUCCESS method=UsersTest.reactivateUsers()[pri:3, instance:CT_APITesting.UsersTest@19d37183] output={null}]]]>
              </value>
            </param>
          </params>
          <reporter-output>
          </reporter-output>
        </test-method> <!-- afterMethodFunction -->
        <test-method status="PASS" signature="beforeMethodFunction(org.testng.ITestContext, java.lang.reflect.Method)[pri:0, instance:CT_APITesting.UsersTest@19d37183]" name="beforeMethodFunction" is-config="true" duration-ms="9" started-at="2022-07-21T11:07:56Z" finished-at="2022-07-21T11:07:56Z">
          <params>
            <param index="0">
              <value>
                <![CDATA[org.testng.TestRunner@41184371]]>
              </value>
            </param>
            <param index="1">
              <value>
                <![CDATA[public void CT_APITesting.UsersTest.getUsers()]]>
              </value>
            </param>
          </params>
          <reporter-output>
          </reporter-output>
        </test-method> <!-- beforeMethodFunction -->
        <test-method status="PASS" signature="getUsers()[pri:4, instance:CT_APITesting.UsersTest@19d37183]" name="getUsers" duration-ms="1517" started-at="2022-07-21T11:07:56Z" description="Verify get users functionality" finished-at="2022-07-21T11:07:58Z">
          <reporter-output>
          </reporter-output>
        </test-method> <!-- getUsers -->
        <test-method status="PASS" signature="afterMethodFunction(java.lang.reflect.Method, org.testng.ITestResult)[pri:0, instance:CT_APITesting.UsersTest@19d37183]" name="afterMethodFunction" is-config="true" duration-ms="49" started-at="2022-07-21T11:07:58Z" finished-at="2022-07-21T11:07:58Z">
          <params>
            <param index="0">
              <value>
                <![CDATA[public void CT_APITesting.UsersTest.getUsers()]]>
              </value>
            </param>
            <param index="1">
              <value>
                <![CDATA[[TestResult name=getUsers status=SUCCESS method=UsersTest.getUsers()[pri:4, instance:CT_APITesting.UsersTest@19d37183] output={null}]]]>
              </value>
            </param>
          </params>
          <reporter-output>
          </reporter-output>
        </test-method> <!-- afterMethodFunction -->
        <test-method status="PASS" signature="beforeMethodFunction(org.testng.ITestContext, java.lang.reflect.Method)[pri:0, instance:CT_APITesting.UsersTest@19d37183]" name="beforeMethodFunction" is-config="true" duration-ms="8" started-at="2022-07-21T11:07:58Z" finished-at="2022-07-21T11:07:58Z">
          <params>
            <param index="0">
              <value>
                <![CDATA[org.testng.TestRunner@41184371]]>
              </value>
            </param>
            <param index="1">
              <value>
                <![CDATA[public void CT_APITesting.UsersTest.updateRoles()]]>
              </value>
            </param>
          </params>
          <reporter-output>
          </reporter-output>
        </test-method> <!-- beforeMethodFunction -->
        <test-method status="PASS" signature="afterMethodFunction(java.lang.reflect.Method, org.testng.ITestResult)[pri:0, instance:CT_APITesting.UsersTest@19d37183]" name="afterMethodFunction" is-config="true" duration-ms="34" started-at="2022-07-21T11:07:58Z" finished-at="2022-07-21T11:07:58Z">
          <params>
            <param index="0">
              <value>
                <![CDATA[public void CT_APITesting.UsersTest.updateRoles()]]>
              </value>
            </param>
            <param index="1">
              <value>
                <![CDATA[[TestResult name=updateRoles status=SUCCESS method=UsersTest.updateRoles()[pri:5, instance:CT_APITesting.UsersTest@19d37183] output={null}]]]>
              </value>
            </param>
          </params>
          <reporter-output>
          </reporter-output>
        </test-method> <!-- afterMethodFunction -->
        <test-method status="PASS" signature="updateRoles()[pri:5, instance:CT_APITesting.UsersTest@19d37183]" name="updateRoles" duration-ms="0" started-at="2022-07-21T11:07:58Z" description="Verify update roles functionality" finished-at="2022-07-21T11:07:58Z">
          <reporter-output>
          </reporter-output>
        </test-method> <!-- updateRoles -->
        <test-method status="PASS" signature="beforeMethodFunction(org.testng.ITestContext, java.lang.reflect.Method)[pri:0, instance:CT_APITesting.UsersTest@19d37183]" name="beforeMethodFunction" is-config="true" duration-ms="4" started-at="2022-07-21T11:07:58Z" finished-at="2022-07-21T11:07:58Z">
          <params>
            <param index="0">
              <value>
                <![CDATA[org.testng.TestRunner@41184371]]>
              </value>
            </param>
            <param index="1">
              <value>
                <![CDATA[public void CT_APITesting.UsersTest.deleteUsers()]]>
              </value>
            </param>
          </params>
          <reporter-output>
          </reporter-output>
        </test-method> <!-- beforeMethodFunction -->
        <test-method status="PASS" signature="deleteUsers()[pri:6, instance:CT_APITesting.UsersTest@19d37183]" name="deleteUsers" duration-ms="1268" started-at="2022-07-21T11:07:58Z" description="Verify delete users functionality" finished-at="2022-07-21T11:07:59Z">
          <reporter-output>
          </reporter-output>
        </test-method> <!-- deleteUsers -->
        <test-method status="PASS" signature="afterMethodFunction(java.lang.reflect.Method, org.testng.ITestResult)[pri:0, instance:CT_APITesting.UsersTest@19d37183]" name="afterMethodFunction" is-config="true" duration-ms="39" started-at="2022-07-21T11:07:59Z" finished-at="2022-07-21T11:07:59Z">
          <params>
            <param index="0">
              <value>
                <![CDATA[public void CT_APITesting.UsersTest.deleteUsers()]]>
              </value>
            </param>
            <param index="1">
              <value>
                <![CDATA[[TestResult name=deleteUsers status=SUCCESS method=UsersTest.deleteUsers()[pri:6, instance:CT_APITesting.UsersTest@19d37183] output={null}]]]>
              </value>
            </param>
          </params>
          <reporter-output>
          </reporter-output>
        </test-method> <!-- afterMethodFunction -->
        <test-method status="PASS" signature="beforeMethodFunction(org.testng.ITestContext, java.lang.reflect.Method)[pri:0, instance:CT_APITesting.UsersTest@19d37183]" name="beforeMethodFunction" is-config="true" duration-ms="3" started-at="2022-07-21T11:07:59Z" finished-at="2022-07-21T11:07:59Z">
          <params>
            <param index="0">
              <value>
                <![CDATA[org.testng.TestRunner@41184371]]>
              </value>
            </param>
            <param index="1">
              <value>
                <![CDATA[public void CT_APITesting.UsersTest.blockUsers()]]>
              </value>
            </param>
          </params>
          <reporter-output>
          </reporter-output>
        </test-method> <!-- beforeMethodFunction -->
        <test-method status="PASS" signature="blockUsers()[pri:7, instance:CT_APITesting.UsersTest@19d37183]" name="blockUsers" duration-ms="1257" started-at="2022-07-21T11:07:59Z" description="Verify block users functionality" finished-at="2022-07-21T11:08:01Z">
          <reporter-output>
          </reporter-output>
        </test-method> <!-- blockUsers -->
        <test-method status="PASS" signature="afterMethodFunction(java.lang.reflect.Method, org.testng.ITestResult)[pri:0, instance:CT_APITesting.UsersTest@19d37183]" name="afterMethodFunction" is-config="true" duration-ms="37" started-at="2022-07-21T11:08:01Z" finished-at="2022-07-21T11:08:01Z">
          <params>
            <param index="0">
              <value>
                <![CDATA[public void CT_APITesting.UsersTest.blockUsers()]]>
              </value>
            </param>
            <param index="1">
              <value>
                <![CDATA[[TestResult name=blockUsers status=SUCCESS method=UsersTest.blockUsers()[pri:7, instance:CT_APITesting.UsersTest@19d37183] output={null}]]]>
              </value>
            </param>
          </params>
          <reporter-output>
          </reporter-output>
        </test-method> <!-- afterMethodFunction -->
        <test-method status="PASS" signature="beforeMethodFunction(org.testng.ITestContext, java.lang.reflect.Method)[pri:0, instance:CT_APITesting.UsersTest@19d37183]" name="beforeMethodFunction" is-config="true" duration-ms="3" started-at="2022-07-21T11:08:01Z" finished-at="2022-07-21T11:08:01Z">
          <params>
            <param index="0">
              <value>
                <![CDATA[org.testng.TestRunner@41184371]]>
              </value>
            </param>
            <param index="1">
              <value>
                <![CDATA[public void CT_APITesting.UsersTest.listOfBlockedUsers()]]>
              </value>
            </param>
          </params>
          <reporter-output>
          </reporter-output>
        </test-method> <!-- beforeMethodFunction -->
        <test-method status="PASS" signature="listOfBlockedUsers()[pri:8, instance:CT_APITesting.UsersTest@19d37183]" name="listOfBlockedUsers" duration-ms="1331" started-at="2022-07-21T11:08:01Z" description="Verify list of blocked users " finished-at="2022-07-21T11:08:02Z">
          <reporter-output>
          </reporter-output>
        </test-method> <!-- listOfBlockedUsers -->
        <test-method status="PASS" signature="afterMethodFunction(java.lang.reflect.Method, org.testng.ITestResult)[pri:0, instance:CT_APITesting.UsersTest@19d37183]" name="afterMethodFunction" is-config="true" duration-ms="46" started-at="2022-07-21T11:08:02Z" finished-at="2022-07-21T11:08:02Z">
          <params>
            <param index="0">
              <value>
                <![CDATA[public void CT_APITesting.UsersTest.listOfBlockedUsers()]]>
              </value>
            </param>
            <param index="1">
              <value>
                <![CDATA[[TestResult name=listOfBlockedUsers status=SUCCESS method=UsersTest.listOfBlockedUsers()[pri:8, instance:CT_APITesting.UsersTest@19d37183] output={null}]]]>
              </value>
            </param>
          </params>
          <reporter-output>
          </reporter-output>
        </test-method> <!-- afterMethodFunction -->
        <test-method status="PASS" signature="beforeMethodFunction(org.testng.ITestContext, java.lang.reflect.Method)[pri:0, instance:CT_APITesting.UsersTest@19d37183]" name="beforeMethodFunction" is-config="true" duration-ms="10" started-at="2022-07-21T11:08:02Z" finished-at="2022-07-21T11:08:02Z">
          <params>
            <param index="0">
              <value>
                <![CDATA[org.testng.TestRunner@41184371]]>
              </value>
            </param>
            <param index="1">
              <value>
                <![CDATA[public void CT_APITesting.UsersTest.unBlockUsers()]]>
              </value>
            </param>
          </params>
          <reporter-output>
          </reporter-output>
        </test-method> <!-- beforeMethodFunction -->
        <test-method status="PASS" signature="unBlockUsers()[pri:9, instance:CT_APITesting.UsersTest@19d37183]" name="unBlockUsers" duration-ms="1295" started-at="2022-07-21T11:08:02Z" description="Verify unblock users " finished-at="2022-07-21T11:08:03Z">
          <reporter-output>
          </reporter-output>
        </test-method> <!-- unBlockUsers -->
        <test-method status="PASS" signature="afterMethodFunction(java.lang.reflect.Method, org.testng.ITestResult)[pri:0, instance:CT_APITesting.UsersTest@19d37183]" name="afterMethodFunction" is-config="true" duration-ms="51" started-at="2022-07-21T11:08:03Z" finished-at="2022-07-21T11:08:03Z">
          <params>
            <param index="0">
              <value>
                <![CDATA[public void CT_APITesting.UsersTest.unBlockUsers()]]>
              </value>
            </param>
            <param index="1">
              <value>
                <![CDATA[[TestResult name=unBlockUsers status=SUCCESS method=UsersTest.unBlockUsers()[pri:9, instance:CT_APITesting.UsersTest@19d37183] output={null}]]]>
              </value>
            </param>
          </params>
          <reporter-output>
          </reporter-output>
        </test-method> <!-- afterMethodFunction -->
        <test-method status="PASS" signature="EndAPITest()[pri:0, instance:CT_APITesting.UsersTest@19d37183]" name="EndAPITest" is-config="true" duration-ms="0" started-at="2022-07-21T11:08:03Z" finished-at="2022-07-21T11:08:03Z">
          <reporter-output>
          </reporter-output>
        </test-method> <!-- EndAPITest -->
      </class> <!-- CT_APITesting.UsersTest -->
    </test> <!-- UsersTest -->
    <test name="AuthTokenTest" duration-ms="6969" started-at="2022-07-21T11:08:03Z" finished-at="2022-07-21T11:08:10Z">
      <class name="CT_APITesting.AuthTokenTest">
        <test-method status="PASS" signature="beforeSuiteFunction(java.lang.String, java.lang.String, java.lang.String)[pri:0, instance:CT_APITesting.AuthTokenTest@69930714]" name="beforeSuiteFunction" is-config="true" duration-ms="20" started-at="2022-07-21T11:07:33Z" finished-at="2022-07-21T11:07:33Z">
          <params>
            <param index="0">
              <value>
                <![CDATA[]]>
              </value>
            </param>
            <param index="1">
              <value>
                <![CDATA[]]>
              </value>
            </param>
            <param index="2">
              <value>
                <![CDATA[]]>
              </value>
            </param>
          </params>
          <reporter-output>
          </reporter-output>
        </test-method> <!-- beforeSuiteFunction -->
        <test-method status="PASS" signature="beforeTestFunction(java.lang.String, java.lang.String, java.lang.String, java.lang.String, org.testng.ITestContext)[pri:0, instance:CT_APITesting.AuthTokenTest@69930714]" name="beforeTestFunction" is-config="true" duration-ms="8" started-at="2022-07-21T11:08:03Z" finished-at="2022-07-21T11:08:03Z">
          <params>
            <param index="0">
              <value>
                <![CDATA[]]>
              </value>
            </param>
            <param index="1">
              <value is-null="true"/>
            </param>
            <param index="2">
              <value is-null="true"/>
            </param>
            <param index="3">
              <value is-null="true"/>
            </param>
            <param index="4">
              <value>
                <![CDATA[org.testng.TestRunner@34585ac9]]>
              </value>
            </param>
          </params>
          <reporter-output>
          </reporter-output>
        </test-method> <!-- beforeTestFunction -->
        <test-method status="PASS" signature="StartApiTest()[pri:0, instance:CT_APITesting.AuthTokenTest@69930714]" name="StartApiTest" is-config="true" duration-ms="1" started-at="2022-07-21T11:08:03Z" finished-at="2022-07-21T11:08:03Z">
          <reporter-output>
          </reporter-output>
        </test-method> <!-- StartApiTest -->
        <test-method status="PASS" signature="beforeMethodFunction(org.testng.ITestContext, java.lang.reflect.Method)[pri:0, instance:CT_APITesting.AuthTokenTest@69930714]" name="beforeMethodFunction" is-config="true" duration-ms="7" started-at="2022-07-21T11:08:03Z" finished-at="2022-07-21T11:08:03Z">
          <params>
            <param index="0">
              <value>
                <![CDATA[org.testng.TestRunner@34585ac9]]>
              </value>
            </param>
            <param index="1">
              <value>
                <![CDATA[public void CT_APITesting.AuthTokenTest.createAuthToken()]]>
              </value>
            </param>
          </params>
          <reporter-output>
          </reporter-output>
        </test-method> <!-- beforeMethodFunction -->
        <test-method status="PASS" signature="createAuthToken()[pri:0, instance:CT_APITesting.AuthTokenTest@69930714]" name="createAuthToken" duration-ms="2818" started-at="2022-07-21T11:08:03Z" description="verify Auth token functionality" finished-at="2022-07-21T11:08:06Z">
          <reporter-output>
          </reporter-output>
        </test-method> <!-- createAuthToken -->
        <test-method status="PASS" signature="afterMethodFunction(java.lang.reflect.Method, org.testng.ITestResult)[pri:0, instance:CT_APITesting.AuthTokenTest@69930714]" name="afterMethodFunction" is-config="true" duration-ms="50" started-at="2022-07-21T11:08:06Z" finished-at="2022-07-21T11:08:06Z">
          <params>
            <param index="0">
              <value>
                <![CDATA[public void CT_APITesting.AuthTokenTest.createAuthToken()]]>
              </value>
            </param>
            <param index="1">
              <value>
                <![CDATA[[TestResult name=createAuthToken status=SUCCESS method=AuthTokenTest.createAuthToken()[pri:0, instance:CT_APITesting.AuthTokenTest@69930714] output={null}]]]>
              </value>
            </param>
          </params>
          <reporter-output>
          </reporter-output>
        </test-method> <!-- afterMethodFunction -->
        <test-method status="PASS" signature="beforeMethodFunction(org.testng.ITestContext, java.lang.reflect.Method)[pri:0, instance:CT_APITesting.AuthTokenTest@69930714]" name="beforeMethodFunction" is-config="true" duration-ms="4" started-at="2022-07-21T11:08:06Z" finished-at="2022-07-21T11:08:06Z">
          <params>
            <param index="0">
              <value>
                <![CDATA[org.testng.TestRunner@34585ac9]]>
              </value>
            </param>
            <param index="1">
              <value>
                <![CDATA[public void CT_APITesting.AuthTokenTest.listAuthtoken()]]>
              </value>
            </param>
          </params>
          <reporter-output>
          </reporter-output>
        </test-method> <!-- beforeMethodFunction -->
        <test-method status="PASS" signature="listAuthtoken()[pri:1, instance:CT_APITesting.AuthTokenTest@69930714]" name="listAuthtoken" duration-ms="1334" started-at="2022-07-21T11:08:06Z" description="Verify list of auth tokens" finished-at="2022-07-21T11:08:08Z">
          <reporter-output>
          </reporter-output>
        </test-method> <!-- listAuthtoken -->
        <test-method status="PASS" signature="afterMethodFunction(java.lang.reflect.Method, org.testng.ITestResult)[pri:0, instance:CT_APITesting.AuthTokenTest@69930714]" name="afterMethodFunction" is-config="true" duration-ms="40" started-at="2022-07-21T11:08:08Z" finished-at="2022-07-21T11:08:08Z">
          <params>
            <param index="0">
              <value>
                <![CDATA[public void CT_APITesting.AuthTokenTest.listAuthtoken()]]>
              </value>
            </param>
            <param index="1">
              <value>
                <![CDATA[[TestResult name=listAuthtoken status=SUCCESS method=AuthTokenTest.listAuthtoken()[pri:1, instance:CT_APITesting.AuthTokenTest@69930714] output={null}]]]>
              </value>
            </param>
          </params>
          <reporter-output>
          </reporter-output>
        </test-method> <!-- afterMethodFunction -->
        <test-method status="PASS" signature="beforeMethodFunction(org.testng.ITestContext, java.lang.reflect.Method)[pri:0, instance:CT_APITesting.AuthTokenTest@69930714]" name="beforeMethodFunction" is-config="true" duration-ms="6" started-at="2022-07-21T11:08:08Z" finished-at="2022-07-21T11:08:08Z">
          <params>
            <param index="0">
              <value>
                <![CDATA[org.testng.TestRunner@34585ac9]]>
              </value>
            </param>
            <param index="1">
              <value>
                <![CDATA[public void CT_APITesting.AuthTokenTest.getAuthToken()]]>
              </value>
            </param>
          </params>
          <reporter-output>
          </reporter-output>
        </test-method> <!-- beforeMethodFunction -->
        <test-method status="PASS" signature="getAuthToken()[pri:2, instance:CT_APITesting.AuthTokenTest@69930714]" name="getAuthToken" duration-ms="1370" started-at="2022-07-21T11:08:08Z" description="verify get authtoken" finished-at="2022-07-21T11:08:09Z">
          <reporter-output>
          </reporter-output>
        </test-method> <!-- getAuthToken -->
        <test-method status="PASS" signature="afterMethodFunction(java.lang.reflect.Method, org.testng.ITestResult)[pri:0, instance:CT_APITesting.AuthTokenTest@69930714]" name="afterMethodFunction" is-config="true" duration-ms="24" started-at="2022-07-21T11:08:09Z" finished-at="2022-07-21T11:08:09Z">
          <params>
            <param index="0">
              <value>
                <![CDATA[public void CT_APITesting.AuthTokenTest.getAuthToken()]]>
              </value>
            </param>
            <param index="1">
              <value>
                <![CDATA[[TestResult name=getAuthToken status=SUCCESS method=AuthTokenTest.getAuthToken()[pri:2, instance:CT_APITesting.AuthTokenTest@69930714] output={null}]]]>
              </value>
            </param>
          </params>
          <reporter-output>
          </reporter-output>
        </test-method> <!-- afterMethodFunction -->
        <test-method status="PASS" signature="beforeMethodFunction(org.testng.ITestContext, java.lang.reflect.Method)[pri:0, instance:CT_APITesting.AuthTokenTest@69930714]" name="beforeMethodFunction" is-config="true" duration-ms="8" started-at="2022-07-21T11:08:09Z" finished-at="2022-07-21T11:08:09Z">
          <params>
            <param index="0">
              <value>
                <![CDATA[org.testng.TestRunner@34585ac9]]>
              </value>
            </param>
            <param index="1">
              <value>
                <![CDATA[public void CT_APITesting.AuthTokenTest.reactivateUsers()]]>
              </value>
            </param>
          </params>
          <reporter-output>
          </reporter-output>
        </test-method> <!-- beforeMethodFunction -->
        <test-method status="PASS" signature="reactivateUsers()[pri:3, instance:CT_APITesting.AuthTokenTest@69930714]" name="reactivateUsers" duration-ms="0" started-at="2022-07-21T11:08:09Z" description="Verify reactivate users" finished-at="2022-07-21T11:08:09Z">
          <reporter-output>
          </reporter-output>
        </test-method> <!-- reactivateUsers -->
        <test-method status="PASS" signature="afterMethodFunction(java.lang.reflect.Method, org.testng.ITestResult)[pri:0, instance:CT_APITesting.AuthTokenTest@69930714]" name="afterMethodFunction" is-config="true" duration-ms="14" started-at="2022-07-21T11:08:09Z" finished-at="2022-07-21T11:08:09Z">
          <params>
            <param index="0">
              <value>
                <![CDATA[public void CT_APITesting.AuthTokenTest.reactivateUsers()]]>
              </value>
            </param>
            <param index="1">
              <value>
                <![CDATA[[TestResult name=reactivateUsers status=SUCCESS method=AuthTokenTest.reactivateUsers()[pri:3, instance:CT_APITesting.AuthTokenTest@69930714] output={null}]]]>
              </value>
            </param>
          </params>
          <reporter-output>
          </reporter-output>
        </test-method> <!-- afterMethodFunction -->
        <test-method status="PASS" signature="beforeMethodFunction(org.testng.ITestContext, java.lang.reflect.Method)[pri:0, instance:CT_APITesting.AuthTokenTest@69930714]" name="beforeMethodFunction" is-config="true" duration-ms="6" started-at="2022-07-21T11:08:09Z" finished-at="2022-07-21T11:08:09Z">
          <params>
            <param index="0">
              <value>
                <![CDATA[org.testng.TestRunner@34585ac9]]>
              </value>
            </param>
            <param index="1">
              <value>
                <![CDATA[public void CT_APITesting.AuthTokenTest.getRoles()]]>
              </value>
            </param>
          </params>
          <reporter-output>
          </reporter-output>
        </test-method> <!-- beforeMethodFunction -->
        <test-method status="PASS" signature="afterMethodFunction(java.lang.reflect.Method, org.testng.ITestResult)[pri:0, instance:CT_APITesting.AuthTokenTest@69930714]" name="afterMethodFunction" is-config="true" duration-ms="13" started-at="2022-07-21T11:08:09Z" finished-at="2022-07-21T11:08:09Z">
          <params>
            <param index="0">
              <value>
                <![CDATA[public void CT_APITesting.AuthTokenTest.getRoles()]]>
              </value>
            </param>
            <param index="1">
              <value>
                <![CDATA[[TestResult name=getRoles status=SUCCESS method=AuthTokenTest.getRoles()[pri:4, instance:CT_APITesting.AuthTokenTest@69930714] output={null}]]]>
              </value>
            </param>
          </params>
          <reporter-output>
          </reporter-output>
        </test-method> <!-- afterMethodFunction -->
        <test-method status="PASS" signature="getRoles()[pri:4, instance:CT_APITesting.AuthTokenTest@69930714]" name="getRoles" duration-ms="0" started-at="2022-07-21T11:08:09Z" description="Verify get roles functionality" finished-at="2022-07-21T11:08:09Z">
          <reporter-output>
          </reporter-output>
        </test-method> <!-- getRoles -->
        <test-method status="PASS" signature="beforeMethodFunction(org.testng.ITestContext, java.lang.reflect.Method)[pri:0, instance:CT_APITesting.AuthTokenTest@69930714]" name="beforeMethodFunction" is-config="true" duration-ms="3" started-at="2022-07-21T11:08:09Z" finished-at="2022-07-21T11:08:09Z">
          <params>
            <param index="0">
              <value>
                <![CDATA[org.testng.TestRunner@34585ac9]]>
              </value>
            </param>
            <param index="1">
              <value>
                <![CDATA[public void CT_APITesting.AuthTokenTest.updateRoles()]]>
              </value>
            </param>
          </params>
          <reporter-output>
          </reporter-output>
        </test-method> <!-- beforeMethodFunction -->
        <test-method status="PASS" signature="afterMethodFunction(java.lang.reflect.Method, org.testng.ITestResult)[pri:0, instance:CT_APITesting.AuthTokenTest@69930714]" name="afterMethodFunction" is-config="true" duration-ms="17" started-at="2022-07-21T11:08:09Z" finished-at="2022-07-21T11:08:09Z">
          <params>
            <param index="0">
              <value>
                <![CDATA[public void CT_APITesting.AuthTokenTest.updateRoles()]]>
              </value>
            </param>
            <param index="1">
              <value>
                <![CDATA[[TestResult name=updateRoles status=SUCCESS method=AuthTokenTest.updateRoles()[pri:5, instance:CT_APITesting.AuthTokenTest@69930714] output={null}]]]>
              </value>
            </param>
          </params>
          <reporter-output>
          </reporter-output>
        </test-method> <!-- afterMethodFunction -->
        <test-method status="PASS" signature="updateRoles()[pri:5, instance:CT_APITesting.AuthTokenTest@69930714]" name="updateRoles" duration-ms="0" started-at="2022-07-21T11:08:09Z" description="Verify update roles functionality" finished-at="2022-07-21T11:08:09Z">
          <reporter-output>
          </reporter-output>
        </test-method> <!-- updateRoles -->
        <test-method status="PASS" signature="beforeMethodFunction(org.testng.ITestContext, java.lang.reflect.Method)[pri:0, instance:CT_APITesting.AuthTokenTest@69930714]" name="beforeMethodFunction" is-config="true" duration-ms="1" started-at="2022-07-21T11:08:09Z" finished-at="2022-07-21T11:08:09Z">
          <params>
            <param index="0">
              <value>
                <![CDATA[org.testng.TestRunner@34585ac9]]>
              </value>
            </param>
            <param index="1">
              <value>
                <![CDATA[public void CT_APITesting.AuthTokenTest.deleteAuthToken()]]>
              </value>
            </param>
          </params>
          <reporter-output>
          </reporter-output>
        </test-method> <!-- beforeMethodFunction -->
        <test-method status="PASS" signature="deleteAuthToken()[pri:6, instance:CT_APITesting.AuthTokenTest@69930714]" name="deleteAuthToken" duration-ms="1201" started-at="2022-07-21T11:08:09Z" description="Verify delete auth token functionality" finished-at="2022-07-21T11:08:10Z">
          <reporter-output>
          </reporter-output>
        </test-method> <!-- deleteAuthToken -->
        <test-method status="PASS" signature="afterMethodFunction(java.lang.reflect.Method, org.testng.ITestResult)[pri:0, instance:CT_APITesting.AuthTokenTest@69930714]" name="afterMethodFunction" is-config="true" duration-ms="34" started-at="2022-07-21T11:08:10Z" finished-at="2022-07-21T11:08:10Z">
          <params>
            <param index="0">
              <value>
                <![CDATA[public void CT_APITesting.AuthTokenTest.deleteAuthToken()]]>
              </value>
            </param>
            <param index="1">
              <value>
                <![CDATA[[TestResult name=deleteAuthToken status=SUCCESS method=AuthTokenTest.deleteAuthToken()[pri:6, instance:CT_APITesting.AuthTokenTest@69930714] output={null}]]]>
              </value>
            </param>
          </params>
          <reporter-output>
          </reporter-output>
        </test-method> <!-- afterMethodFunction -->
        <test-method status="PASS" signature="EndAPITest()[pri:0, instance:CT_APITesting.AuthTokenTest@69930714]" name="EndAPITest" is-config="true" duration-ms="0" started-at="2022-07-21T11:08:10Z" finished-at="2022-07-21T11:08:10Z">
          <reporter-output>
          </reporter-output>
        </test-method> <!-- EndAPITest -->
        <test-method status="PASS" signature="zipFolder()[pri:0, instance:CT_APITesting.AuthTokenTest@69930714]" name="zipFolder" is-config="true" duration-ms="14" started-at="2022-07-21T11:08:10Z" finished-at="2022-07-21T11:08:10Z">
          <reporter-output>
          </reporter-output>
        </test-method> <!-- zipFolder -->
      </class> <!-- CT_APITesting.AuthTokenTest -->
    </test> <!-- AuthTokenTest -->
  </suite> <!-- Regression_Test -->
</testng-results>
