<?xml version="1.0" encoding="UTF-8"?>
<testsuite xmlns:xsi="http://www.w3.org/2001/XMLSchema-instance" xsi:noNamespaceSchemaLocation="https://maven.apache.org/surefire/maven-surefire-plugin/xsd/surefire-test-report.xsd" name="TestSuite" time="38.765" tests="27" errors="0" skipped="0" failures="0">
  <properties>
[...]
</properties>
  <testcase name="createApiKey" classname="CT_APITesting.BasicTest" time="3.475"/>
  <testcase name="listApiKeys" classname="CT_APITesting.BasicTest" time="1.7"/>
  <testcase name="getAPI" classname="CT_APITesting.BasicTest" time="1.482"/>
  <testcase name="updateApi" classname="CT_APITesting.BasicTest" time="1.541"/>
  <testcase name="deleteApiKey" classname="CT_APITesting.BasicTest" time="1.396"/>
  <testcase name="createRoles" classname="CT_APITesting.RolesTest" time="1.558"/>
  <testcase name="listRoles" classname="CT_APITesting.RolesTest" time="1.322"/>
  <testcase name="getRoles" classname="CT_APITesting.RolesTest" time="1.405"/>
  <testcase name="updateRoles" classname="CT_APITesting.RolesTest" time="1.27"/>
  <testcase name="deleteRoles" classname="CT_APITesting.RolesTest" time="1.36"/>
  <testcase name="createUser" classname="CT_APITesting.UsersTest" time="1.483"/>
  <testcase name="listUsers" classname="CT_APITesting.UsersTest" time="1.243"/>
  <testcase name="deactivateUsers" classname="CT_APITesting.UsersTest" time="1.231"/>
  <testcase name="reactivateUsers" classname="CT_APITesting.UsersTest" time="1.528"/>
  <testcase name="getUsers" classname="CT_APITesting.UsersTest" time="1.518"/>
  <testcase name="updateRoles" classname="CT_APITesting.UsersTest" time="0"/>
  <testcase name="deleteUsers" classname="CT_APITesting.UsersTest" time="1.269"/>
  <testcase name="blockUsers" classname="CT_APITesting.UsersTest" time="1.257"/>
  <testcase name="listOfBlockedUsers" classname="CT_APITesting.UsersTest" time="1.334"/>
  <testcase name="unBlockUsers" classname="CT_APITesting.UsersTest" time="1.296"/>
  <testcase name="createAuthToken" classname="CT_APITesting.AuthTokenTest" time="2.818"/>
  <testcase name="listAuthtoken" classname="CT_APITesting.AuthTokenTest" time="1.334"/>
  <testcase name="getAuthToken" classname="CT_APITesting.AuthTokenTest" time="1.37"/>
  <testcase name="reactivateUsers" classname="CT_APITesting.AuthTokenTest" time="0"/>
  <testcase name="getRoles" classname="CT_APITesting.AuthTokenTest" time="0"/>
  <testcase name="updateRoles" classname="CT_APITesting.AuthTokenTest" time="0"/>
  <testcase name="deleteAuthToken" classname="CT_APITesting.AuthTokenTest" time="1.205"/>
</testsuite>