<?xml version="1.0" encoding="UTF-8"?>
<!-- Generated by org.testng.reporters.JUnitXMLReporter -->
<testsuite hostname="admins-MacBook-Air-2.local" ignored="0" name="AuthTokenTest" tests="7" failures="0" timestamp="21 Jul 2022 11:08:10 GMT" time="6.969" errors="0">
  <testcase name="createAuthToken" time="2.818" classname="CT_APITesting.AuthTokenTest"/>
  <testcase name="listAuthtoken" time="1.334" classname="CT_APITesting.AuthTokenTest"/>
  <testcase name="getAuthToken" time="1.37" classname="CT_APITesting.AuthTokenTest"/>
  <testcase name="reactivateUsers" time="0.0" classname="CT_APITesting.AuthTokenTest"/>
  <testcase name="getRoles" time="0.0" classname="CT_APITesting.AuthTokenTest"/>
  <testcase name="updateRoles" time="0.0" classname="CT_APITesting.AuthTokenTest"/>
  <testcase name="deleteAuthToken" time="1.201" classname="CT_APITesting.AuthTokenTest"/>
</testsuite> <!-- AuthTokenTest -->
