<?xml version="1.0" encoding="UTF-8"?>
<!-- Generated by org.testng.reporters.JUnitXMLReporter -->
<testsuite hostname="admins-MacBook-Air-2.local" ignored="0" name="BasicTest" tests="5" failures="0" timestamp="21 Jul 2022 11:07:44 GMT" time="10.727" errors="0">
  <testcase name="createApiKey" time="3.474" classname="CT_APITesting.BasicTest"/>
  <testcase name="listApiKeys" time="1.698" classname="CT_APITesting.BasicTest"/>
  <testcase name="getAPI" time="1.481" classname="CT_APITesting.BasicTest"/>
  <testcase name="updateApi" time="1.54" classname="CT_APITesting.BasicTest"/>
  <testcase name="deleteApiKey" time="1.392" classname="CT_APITesting.BasicTest"/>
</testsuite> <!-- BasicTest -->
