<?xml version="1.0" encoding="UTF-8"?>
<!-- Generated by org.testng.reporters.JUnitXMLReporter -->
<testsuite hostname="admins-MacBook-Air-2.local" ignored="0" name="RolesTest" tests="5" failures="0" timestamp="21 Jul 2022 11:07:51 GMT" time="7.2" errors="0">
  <testcase name="createRoles" time="1.558" classname="CT_APITesting.RolesTest"/>
  <testcase name="listRoles" time="1.321" classname="CT_APITesting.RolesTest"/>
  <testcase name="getRoles" time="1.404" classname="CT_APITesting.RolesTest"/>
  <testcase name="updateRoles" time="1.27" classname="CT_APITesting.RolesTest"/>
  <testcase name="deleteRoles" time="1.355" classname="CT_APITesting.RolesTest"/>
</testsuite> <!-- RolesTest -->
