<?xml version="1.0" encoding="UTF-8"?>
<!-- Generated by org.testng.reporters.JUnitXMLReporter -->
<testsuite hostname="admins-MacBook-Air-2.local" ignored="0" name="UsersTest" tests="10" failures="0" timestamp="21 Jul 2022 11:08:03 GMT" time="12.605" errors="0">
  <testcase name="createUser" time="1.48" classname="CT_APITesting.UsersTest"/>
  <testcase name="listUsers" time="1.243" classname="CT_APITesting.UsersTest"/>
  <testcase name="deactivateUsers" time="1.231" classname="CT_APITesting.UsersTest"/>
  <testcase name="reactivateUsers" time="1.526" classname="CT_APITesting.UsersTest"/>
  <testcase name="getUsers" time="1.517" classname="CT_APITesting.UsersTest"/>
  <testcase name="updateRoles" time="0.0" classname="CT_APITesting.UsersTest"/>
  <testcase name="deleteUsers" time="1.268" classname="CT_APITesting.UsersTest"/>
  <testcase name="blockUsers" time="1.257" classname="CT_APITesting.UsersTest"/>
  <testcase name="listOfBlockedUsers" time="1.331" classname="CT_APITesting.UsersTest"/>
  <testcase name="unBlockUsers" time="1.295" classname="CT_APITesting.UsersTest"/>
</testsuite> <!-- UsersTest -->
